2025-03-24 12:32:06,867 - INFO - Service logger initialized.
2025-03-24 12:32:06,892 - INFO - Dataflow job triggered on demand. Pipeline execution initiated.
2025-03-24 12:32:19,970 - INFO - Execution completed successfully.
2025-03-24 12:32:19,970 - INFO - Time taken: 13.08 seconds.
2025-03-24 12:34:02,434 - INFO - Service logger initialized.
2025-03-24 12:34:02,449 - INFO - Dataflow job triggered on demand. Pipeline execution initiated.
2025-03-24 12:34:14,163 - INFO - Execution completed successfully.
2025-03-24 12:34:14,163 - INFO - Time taken: 11.71 seconds.
2025-03-24 12:35:24,032 - INFO - Service logger initialized.
2025-03-24 12:35:24,049 - INFO - Dataflow reset initiated.
2025-03-24 12:35:24,675 - INFO - Dataflow reset successfully.
2025-03-24 12:35:32,908 - INFO - Service logger initialized.
2025-03-24 12:35:32,922 - INFO - Dataflow job triggered on demand. Pipeline execution initiated.
2025-03-24 12:43:57,045 - INFO - Service logger initialized.
2025-03-24 12:43:57,070 - INFO - Dataflow job triggered on demand. Pipeline execution initiated.
2025-03-24 12:47:10,832 - INFO - Execution completed successfully.
2025-03-24 12:47:10,832 - INFO - Time taken: 193.76 seconds.
2025-03-24 12:50:58,123 - INFO - Service logger initialized.
2025-03-24 12:50:58,139 - INFO - Dataflow job triggered on demand. Pipeline execution initiated.
2025-03-24 12:51:18,059 - INFO - Service logger initialized.
2025-03-24 12:51:18,075 - INFO - Dataflow job triggered on demand. Pipeline execution initiated.
2025-03-24 12:51:18,762 - ERROR - Error executing main function: 'Transfer Asset Data from ServiceExchange to Bigfix'
2025-03-24 12:51:39,655 - INFO - Service logger initialized.
2025-03-24 12:51:39,669 - INFO - Dataflow job triggered on demand. Pipeline execution initiated.
2025-03-24 12:51:40,254 - ERROR - Error executing main function: 'Transfer Asset Data from ServiceExchange to Bigfix'
2025-03-24 12:53:42,221 - INFO - Service logger initialized.
2025-03-24 12:53:42,235 - INFO - Dataflow job triggered on demand. Pipeline execution initiated.
2025-03-24 12:53:42,830 - ERROR - Error executing main function: 'Transfer Asset Data from ServiceExchange to Bigfix'
2025-03-24 12:54:37,922 - INFO - Service logger initialized.
2025-03-24 12:54:37,937 - INFO - Dataflow job triggered on demand. Pipeline execution initiated.
2025-03-24 12:54:38,517 - ERROR - Error executing main function: 'Transfer Asset Data from ServiceExchange to Bigfix'
2025-03-24 12:55:31,949 - INFO - Service logger initialized.
2025-03-24 12:55:31,964 - INFO - Dataflow job triggered on demand. Pipeline execution initiated.
2025-03-24 12:55:32,569 - ERROR - Error executing main function: 'Transfer Asset Data from ServiceExchange to Bigfix'
2025-03-24 12:55:49,905 - INFO - Service logger initialized.
2025-03-24 12:55:49,921 - INFO - Dataflow job triggered on demand. Pipeline execution initiated.
2025-03-24 12:55:50,512 - ERROR - Error executing main function: 'Transfer Asset Data from ServiceExchange to Bigfix'
2025-03-24 12:56:56,077 - INFO - Service logger initialized.
2025-03-24 12:56:56,091 - INFO - Dataflow job triggered on demand. Pipeline execution initiated.
2025-03-24 12:57:06,268 - INFO - Service logger initialized.
2025-03-24 12:57:06,282 - INFO - Dataflow job triggered on demand. Pipeline execution initiated.
2025-03-24 12:57:06,863 - ERROR - Error executing main function: 'Transfer Asset Data from ServiceExchange to Bigfix'
2025-03-24 12:58:21,674 - INFO - Service logger initialized.
2025-03-24 12:58:21,688 - INFO - Dataflow job triggered on demand. Pipeline execution initiated.
2025-03-24 12:58:22,276 - ERROR - Error executing main function: 'Transfer Asset Data from ServiceExchange to Bigfix'
2025-03-24 12:58:47,643 - INFO - Service logger initialized.
2025-03-24 12:58:47,658 - INFO - Dataflow job triggered on demand. Pipeline execution initiated.
2025-03-24 12:58:48,244 - ERROR - Error executing main function: 'Transfer Asset Data from ServiceExchange to Bigfix'
2025-03-24 12:58:59,006 - INFO - Service logger initialized.
2025-03-24 12:58:59,022 - INFO - Dataflow job triggered on demand. Pipeline execution initiated.
2025-03-24 12:58:59,600 - ERROR - Error executing main function: 'Transfer Asset Data from ServiceExchange to Bigfix'
2025-03-24 13:00:34,535 - INFO - Service logger initialized.
2025-03-24 13:00:34,550 - INFO - Dataflow job triggered on demand. Pipeline execution initiated.
2025-03-24 13:00:35,141 - ERROR - Error executing main function: 'Transfer Asset Data from ServiceExchange to Bigfix'
2025-03-24 13:00:53,663 - INFO - Service logger initialized.
2025-03-24 13:00:53,678 - INFO - Dataflow job triggered on demand. Pipeline execution initiated.
2025-03-24 13:01:05,717 - INFO - Execution completed successfully.
2025-03-24 13:01:05,717 - INFO - Time taken: 12.04 seconds.
2025-03-24 13:03:17,261 - INFO - Service logger initialized.
2025-03-24 13:03:17,278 - INFO - Dataflow job triggered on demand. Pipeline execution initiated.
2025-03-24 13:03:28,153 - INFO - Execution completed successfully.
2025-03-24 13:03:28,154 - INFO - Time taken: 10.88 seconds.
2025-03-24 13:03:59,661 - INFO - Service logger initialized.
2025-03-24 13:03:59,676 - INFO - Dataflow job triggered on demand. Pipeline execution initiated.
2025-03-24 13:06:52,098 - INFO - Service logger initialized.
2025-03-24 13:06:52,114 - INFO - Dataflow job triggered on demand. Pipeline execution initiated.
2025-03-24 13:07:03,591 - INFO - Execution completed successfully.
2025-03-24 13:07:03,591 - INFO - Time taken: 11.48 seconds.
2025-03-24 13:07:17,190 - INFO - Service logger initialized.
2025-03-24 13:07:17,206 - INFO - Service action initiated: install
2025-03-24 13:07:17,264 - INFO - Service action 'install' completed successfully.
2025-03-24 13:07:24,514 - INFO - Service logger initialized.
2025-03-24 13:07:24,533 - INFO - Service action initiated: remove
2025-03-24 13:07:24,586 - INFO - Service action 'remove' completed successfully.
2025-03-24 13:07:28,659 - INFO - Service logger initialized.
2025-03-24 13:07:28,674 - INFO - Service action initiated: install
2025-03-24 13:07:28,708 - INFO - Service action 'install' completed successfully.
2025-03-24 13:07:32,980 - INFO - Service logger initialized.
2025-03-24 13:07:32,995 - INFO - Service action initiated: start
2025-03-24 13:07:33,187 - INFO - Service action 'start' completed successfully.
2025-03-24 13:08:26,025 - INFO - Service logger initialized.
2025-03-24 13:08:26,042 - INFO - Service action initiated: remove
2025-03-24 13:08:26,091 - INFO - Service action 'remove' completed successfully.
2025-03-24 13:08:38,674 - INFO - Service logger initialized.
2025-03-24 13:08:38,689 - INFO - Service action initiated: start
2025-03-24 13:08:38,719 - INFO - Service action 'start' completed successfully.
2025-03-24 13:08:44,510 - INFO - Service logger initialized.
2025-03-24 13:08:44,525 - INFO - Service action initiated: install
2025-03-24 13:08:44,559 - INFO - Service action 'install' completed successfully.
2025-03-24 13:08:59,100 - INFO - Service logger initialized.
2025-03-24 13:08:59,117 - INFO - Service action initiated: start
2025-03-24 13:08:59,272 - INFO - Service action 'start' completed successfully.
2025-03-24 13:13:13,854 - INFO - Service logger initialized.
2025-03-24 13:13:13,869 - INFO - Service action initiated: start
2025-03-24 13:13:14,001 - INFO - Service action 'start' completed successfully.
2025-03-24 13:13:26,003 - INFO - Service logger initialized.
2025-03-24 13:13:26,017 - INFO - Service action initiated: install
2025-03-24 13:13:26,055 - INFO - Service action 'install' completed successfully.
2025-03-24 13:13:32,216 - INFO - Service logger initialized.
2025-03-24 13:13:32,230 - INFO - Service action initiated: start
2025-03-24 13:13:32,362 - INFO - Service action 'start' completed successfully.
2025-03-24 13:17:29,596 - INFO - Service logger initialized.
2025-03-24 13:17:29,610 - INFO - Dataflow job triggered on demand. Pipeline execution initiated.
2025-03-24 13:20:28,776 - INFO - Service logger initialized.
2025-03-24 13:20:28,791 - INFO - Dataflow job triggered on demand. Pipeline execution initiated.
2025-03-24 13:20:37,753 - INFO - Service logger initialized.
2025-03-24 13:20:37,769 - INFO - Service action initiated: install
2025-03-24 13:20:37,806 - INFO - Service action 'install' completed successfully.
2025-03-24 13:20:41,489 - INFO - Service logger initialized.
2025-03-24 13:20:41,503 - INFO - Service action initiated: start
2025-03-24 13:20:41,649 - INFO - Service action 'start' completed successfully.
2025-03-24 13:23:16,451 - INFO - Service logger initialized.
2025-03-24 13:23:16,466 - INFO - Service action initiated: start
2025-03-24 13:23:16,595 - INFO - Service action 'start' completed successfully.
2025-03-24 13:23:19,991 - INFO - Service logger initialized.
2025-03-24 13:23:20,006 - INFO - Service action initiated: install
2025-03-24 13:23:20,042 - INFO - Service action 'install' completed successfully.
2025-03-24 13:23:23,476 - INFO - Service logger initialized.
2025-03-24 13:23:23,492 - INFO - Service action initiated: start
2025-03-24 13:23:23,621 - INFO - Service action 'start' completed successfully.
2025-03-24 13:23:44,120 - INFO - Service logger initialized.
2025-03-24 13:23:44,135 - INFO - Service action initiated: remove
2025-03-24 13:23:44,174 - INFO - Service action 'remove' completed successfully.
2025-03-24 13:23:48,137 - INFO - Service logger initialized.
2025-03-24 13:23:48,152 - INFO - Dataflow job triggered on demand. Pipeline execution initiated.
2025-03-24 13:24:04,694 - INFO - Service logger initialized.
2025-03-24 13:24:04,709 - INFO - Dataflow job triggered on demand. Pipeline execution initiated.
2025-03-24 13:24:15,527 - INFO - Execution completed successfully.
2025-03-24 13:24:15,527 - INFO - Time taken: 10.82 seconds.
